<?xml version="1.0" encoding="UTF-8"?>
<TestRun id="d3bf73e7-8b5b-41bf-908c-ac2f7c346e99" name="Admin@10266A-GEN-DEV 2022-07-27 04:22:40" runUser="10266A-GEN-DEV\Admin" xmlns="http://microsoft.com/schemas/VisualStudio/TeamTest/2010">
  <TestSettings name="Local" id="d091077b-0f37-40bc-9f73-bce729aa63a3">
    <Description>These are default test settings for a local test run.</Description>
    <Deployment enabled="false" runDeploymentRoot="Admin_10266A-GEN-DEV 2022-07-27 04_22_40">
      <DeploymentItem filename="E:\Labfiles\Lab 3\Ex3\Starter\GreatestCommonDivisor\bin\Debug\Module3.exe" />
    </Deployment>
    <Execution>
      <TestTypeSpecific />
      <AgentRule name="Execution Agents">
      </AgentRule>
    </Execution>
  </TestSettings>
  <Times creation="2022-07-27T04:22:40.0680234-07:00" queuing="2022-07-27T04:22:40.1832578-07:00" start="2022-07-27T04:22:40.2076718-07:00" finish="2022-07-27T04:22:40.3307187-07:00" />
  <ResultSummary outcome="Completed">
    <Counters total="1" executed="1" passed="1" error="0" failed="0" timeout="0" aborted="0" inconclusive="0" passedButRunAborted="0" notRunnable="0" notExecuted="0" disconnected="0" warning="0" completed="0" inProgress="0" pending="0" />
  </ResultSummary>
  <TestDefinitions>
    <UnitTest name="FindGCDSteinTest" storage="e:\labfiles\lab 3\ex3\starter\gcd unit test project\bin\debug\module 3 unit test project.dll" id="599fa1f1-cbc3-6617-85db-d37f7e7b8ecc">
      <Execution id="235246e4-2eba-40db-9072-31b53efd6867" />
      <TestMethod codeBase="E:/Labfiles/Lab 3/Ex3/Starter/GCD Unit Test Project/bin/Debug/Module 3 Unit Test Project.DLL" adapterTypeName="Microsoft.VisualStudio.TestTools.TestTypes.Unit.UnitTestAdapter, Microsoft.VisualStudio.QualityTools.Tips.UnitTest.Adapter, Version=10.0.0.0, Culture=neutral, PublicKeyToken=b03f5f7f11d50a3a" className="GCDTestProject.GCDAlgorithmsTest, Module 3 Unit Test Project, Version=1.0.0.0, Culture=neutral, PublicKeyToken=null" name="FindGCDSteinTest" />
    </UnitTest>
  </TestDefinitions>
  <TestLists>
    <TestList name="Results Not in a List" id="8c84fa94-04c1-424b-9868-57a2d4851a1d" />
    <TestList name="All Loaded Results" id="19431567-8539-422a-85d7-44ee4e166bda" />
  </TestLists>
  <TestEntries>
    <TestEntry testId="599fa1f1-cbc3-6617-85db-d37f7e7b8ecc" executionId="235246e4-2eba-40db-9072-31b53efd6867" testListId="8c84fa94-04c1-424b-9868-57a2d4851a1d" />
  </TestEntries>
  <Results>
    <UnitTestResult executionId="235246e4-2eba-40db-9072-31b53efd6867" testId="599fa1f1-cbc3-6617-85db-d37f7e7b8ecc" testName="FindGCDSteinTest" computerName="10266A-GEN-DEV" duration="00:00:00.0082709" startTime="2022-07-27T04:22:40.2106015-07:00" endTime="2022-07-27T04:22:40.3160703-07:00" testType="13cdc9d9-ddb5-4fa4-a97d-d965ccfc6d4b" outcome="Passed" testListId="8c84fa94-04c1-424b-9868-57a2d4851a1d" relativeResultsDirectory="235246e4-2eba-40db-9072-31b53efd6867">
    </UnitTestResult>
  </Results>
</TestRun>