<?xml version="1.0" encoding="UTF-8"?>
<TestRun id="7e79364d-9157-47e3-94a4-bb5ef267ee3e" name="Admin@10266A-GEN-DEV 2022-07-27 04:09:58" runUser="10266A-GEN-DEV\Admin" xmlns="http://microsoft.com/schemas/VisualStudio/TeamTest/2010">
  <TestSettings name="Local" id="0708a396-de10-4a2d-a413-145187a6972c">
    <Description>These are default test settings for a local test run.</Description>
    <Deployment enabled="false" runDeploymentRoot="Admin_10266A-GEN-DEV 2022-07-27 04_09_58">
      <DeploymentItem filename="E:\Labfiles\Lab 3\Ex2\Starter\GreatestCommonDivisor\bin\Debug\Module3.exe" />
    </Deployment>
    <Execution>
      <TestTypeSpecific />
      <AgentRule name="Execution Agents">
      </AgentRule>
    </Execution>
  </TestSettings>
  <Times creation="2022-07-27T04:09:58.3561093-07:00" queuing="2022-07-27T04:09:58.3736875-07:00" start="2022-07-27T04:09:58.3834531-07:00" finish="2022-07-27T04:09:58.4840390-07:00" />
  <ResultSummary outcome="Completed">
    <Counters total="1" executed="1" passed="1" error="0" failed="0" timeout="0" aborted="0" inconclusive="0" passedButRunAborted="0" notRunnable="0" notExecuted="0" disconnected="0" warning="0" completed="0" inProgress="0" pending="0" />
  </ResultSummary>
  <TestDefinitions>
    <UnitTest name="FindGCDEuclidTest1" storage="e:\labfiles\lab 3\ex2\starter\gcd test project\bin\debug\gcd test project.dll" id="1ed9e01c-9dc1-b22e-6f78-723d9cad00a5">
      <Execution id="5c3d755b-8423-4575-b280-49711a4b458d" />
      <TestMethod codeBase="E:/Labfiles/Lab 3/Ex2/Starter/GCD Test Project/bin/Debug/GCD Test Project.DLL" adapterTypeName="Microsoft.VisualStudio.TestTools.TestTypes.Unit.UnitTestAdapter, Microsoft.VisualStudio.QualityTools.Tips.UnitTest.Adapter, Version=10.0.0.0, Culture=neutral, PublicKeyToken=b03f5f7f11d50a3a" className="GCD_Test_Project.GCDAlgorithmsTest, GCD Test Project, Version=1.0.0.0, Culture=neutral, PublicKeyToken=null" name="FindGCDEuclidTest1" />
    </UnitTest>
  </TestDefinitions>
  <TestLists>
    <TestList name="Results Not in a List" id="8c84fa94-04c1-424b-9868-57a2d4851a1d" />
    <TestList name="All Loaded Results" id="19431567-8539-422a-85d7-44ee4e166bda" />
  </TestLists>
  <TestEntries>
    <TestEntry testId="1ed9e01c-9dc1-b22e-6f78-723d9cad00a5" executionId="5c3d755b-8423-4575-b280-49711a4b458d" testListId="8c84fa94-04c1-424b-9868-57a2d4851a1d" />
  </TestEntries>
  <Results>
    <UnitTestResult executionId="5c3d755b-8423-4575-b280-49711a4b458d" testId="1ed9e01c-9dc1-b22e-6f78-723d9cad00a5" testName="FindGCDEuclidTest1" computerName="10266A-GEN-DEV" duration="00:00:00.0079622" startTime="2022-07-27T04:09:58.3893125-07:00" endTime="2022-07-27T04:09:58.4762265-07:00" testType="13cdc9d9-ddb5-4fa4-a97d-d965ccfc6d4b" outcome="Passed" testListId="8c84fa94-04c1-424b-9868-57a2d4851a1d" relativeResultsDirectory="5c3d755b-8423-4575-b280-49711a4b458d">
    </UnitTestResult>
  </Results>
</TestRun>