<?xml version="1.0" encoding="UTF-8"?>
<TestRun id="85e133ec-b78c-4a0c-b752-7dae9b7a9540" name="Admin@10266A-GEN-DEV 2022-07-27 04:09:56" runUser="10266A-GEN-DEV\Admin" xmlns="http://microsoft.com/schemas/VisualStudio/TeamTest/2010">
  <TestSettings name="Local" id="0708a396-de10-4a2d-a413-145187a6972c">
    <Description>These are default test settings for a local test run.</Description>
    <Deployment enabled="false" runDeploymentRoot="Admin_10266A-GEN-DEV 2022-07-27 04_09_56">
      <DeploymentItem filename="E:\Labfiles\Lab 3\Ex2\Starter\GreatestCommonDivisor\bin\Debug\Module3.exe" />
    </Deployment>
    <Execution>
      <TestTypeSpecific />
      <AgentRule name="Execution Agents">
      </AgentRule>
    </Execution>
  </TestSettings>
  <Times creation="2022-07-27T04:09:56.8180234-07:00" queuing="2022-07-27T04:09:57.0065000-07:00" start="2022-07-27T04:09:57.0426328-07:00" finish="2022-07-27T04:09:57.1529843-07:00" />
  <ResultSummary outcome="Completed">
    <Counters total="1" executed="1" passed="1" error="0" failed="0" timeout="0" aborted="0" inconclusive="0" passedButRunAborted="0" notRunnable="0" notExecuted="0" disconnected="0" warning="0" completed="0" inProgress="0" pending="0" />
  </ResultSummary>
  <TestDefinitions>
    <UnitTest name="FindGCDEuclidTest2" storage="e:\labfiles\lab 3\ex2\starter\gcd test project\bin\debug\gcd test project.dll" id="d3a316a8-be00-b285-d7d4-78e834fb9d25">
      <Execution id="1fca2598-c6e2-4337-a8e8-033f8e28cfd6" />
      <TestMethod codeBase="E:/Labfiles/Lab 3/Ex2/Starter/GCD Test Project/bin/Debug/GCD Test Project.DLL" adapterTypeName="Microsoft.VisualStudio.TestTools.TestTypes.Unit.UnitTestAdapter, Microsoft.VisualStudio.QualityTools.Tips.UnitTest.Adapter, Version=10.0.0.0, Culture=neutral, PublicKeyToken=b03f5f7f11d50a3a" className="GCD_Test_Project.GCDAlgorithmsTest, GCD Test Project, Version=1.0.0.0, Culture=neutral, PublicKeyToken=null" name="FindGCDEuclidTest2" />
    </UnitTest>
  </TestDefinitions>
  <TestLists>
    <TestList name="Results Not in a List" id="8c84fa94-04c1-424b-9868-57a2d4851a1d" />
    <TestList name="All Loaded Results" id="19431567-8539-422a-85d7-44ee4e166bda" />
  </TestLists>
  <TestEntries>
    <TestEntry testId="d3a316a8-be00-b285-d7d4-78e834fb9d25" executionId="1fca2598-c6e2-4337-a8e8-033f8e28cfd6" testListId="8c84fa94-04c1-424b-9868-57a2d4851a1d" />
  </TestEntries>
  <Results>
    <UnitTestResult executionId="1fca2598-c6e2-4337-a8e8-033f8e28cfd6" testId="d3a316a8-be00-b285-d7d4-78e834fb9d25" testName="FindGCDEuclidTest2" computerName="10266A-GEN-DEV" duration="00:00:00.0083270" startTime="2022-07-27T04:09:57.0338437-07:00" endTime="2022-07-27T04:09:57.1295468-07:00" testType="13cdc9d9-ddb5-4fa4-a97d-d965ccfc6d4b" outcome="Passed" testListId="8c84fa94-04c1-424b-9868-57a2d4851a1d" relativeResultsDirectory="1fca2598-c6e2-4337-a8e8-033f8e28cfd6">
    </UnitTestResult>
  </Results>
</TestRun>